<?xml version="1.0" encoding="UTF-8"?>
<testsuites>
  <testsuite name="CodeIgniter Application Test Suite" tests="1" assertions="22" failures="0" errors="0" time="0.025017">
    <testsuite name="Website_Model_Test" file="L:\space-prospection\application\tests\models\Website_model_test.php" fullPackage="Website.Model" tests="1" assertions="22" failures="0" errors="0" time="0.025017">
      <testcase name="test_retrieving_website_properties" class="Website_Model_Test" file="L:\space-prospection\application\tests\models\Website_model_test.php" line="56" assertions="22" time="0.025017"/>
    </testsuite>
  </testsuite>
</testsuites>
